<?xml version="1.0" encoding="UTF-8"?>
<testng-results ignored="2" total="3" passed="1" failed="0" skipped="0">
  <reporter-output>
  </reporter-output>
  <suite started-at="2021-09-02T14:23:14 IST" name="Default suite" finished-at="2021-09-02T14:23:16 IST" duration-ms="1909">
    <groups>
    </groups>
    <test started-at="2021-09-02T14:23:14 IST" name="Default test" finished-at="2021-09-02T14:23:16 IST" duration-ms="1909">
      <class name="com.example.demo.test.Testing">
        <test-method signature="deletetest()[pri:0, instance:com.example.demo.test.Testing@5fbdfdcf]" started-at="2021-09-02T14:23:14 IST" name="deletetest" finished-at="2021-09-02T14:23:16 IST" duration-ms="1859" status="PASS">
          <reporter-output>
          </reporter-output>
        </test-method> <!-- deletetest -->
      </class> <!-- com.example.demo.test.Testing -->
    </test> <!-- Default test -->
  </suite> <!-- Default suite -->
</testng-results>
