<?xml version="1.0" encoding="UTF-8"?>
<!-- Generated by org.testng.reporters.JUnitXMLReporter -->
<testsuite ignored="2" hostname="MC100071853" failures="0" tests="1" name="Default test" time="1.909" errors="0" timestamp="2021-09-02T14:23:16 IST">
  <testcase classname="com.example.demo.test.Testing" name="deletetest" time="1.859"/>
  <testcase classname="com.example.demo.test.Testing" name="inserttest" time="0.0">
    <ignored/>
  </testcase> <!-- inserttest -->
  <testcase classname="com.example.demo.test.Testing" name="getTest" time="0.0">
    <ignored/>
  </testcase> <!-- getTest -->
</testsuite> <!-- Default test -->
